<?xml version="1.0" encoding="UTF-8"?>
<!-- Generated by org.testng.reporters.JUnitReportReporter -->
<testsuite hostname="BENSACHINB3" failures="0" tests="4" name="testNG.CRUDTest" time="0.015" errors="0" timestamp="2025-02-17T15:18:05 IST" skipped="0">
  <testcase classname="testNG.CRUDTest" name="getUserTest" time="0.002"/>
  <testcase classname="testNG.CRUDTest" name="deleteUserTest" time="0.001"/>
  <testcase classname="testNG.CRUDTest" name="updateUserTest" time="0.002"/>
  <testcase classname="testNG.CRUDTest" name="createUserTest" time="0.010"/>
</testsuite> <!-- testNG.CRUDTest -->
