<?xml version="1.0" encoding="UTF-8"?>
<!-- Generated by org.testng.reporters.JUnitReportReporter -->
<testsuite hostname="BENSACHINB3" failures="0" tests="10" name="testNG.InvocationCountTest" time="0.022" errors="0" timestamp="2025-02-17T15:44:59 IST" skipped="0">
  <testcase classname="testNG.InvocationCountTest" name="createUser" time="0.002"/>
  <testcase classname="testNG.InvocationCountTest" name="createUser" time="0.001"/>
  <testcase classname="testNG.InvocationCountTest" name="createUser" time="0.003"/>
  <testcase classname="testNG.InvocationCountTest" name="createUser" time="0.007"/>
  <testcase classname="testNG.InvocationCountTest" name="createUser" time="0.003"/>
  <testcase classname="testNG.InvocationCountTest" name="createUser" time="0.002"/>
  <testcase classname="testNG.InvocationCountTest" name="createUser" time="0.001"/>
  <testcase classname="testNG.InvocationCountTest" name="createUser" time="0.001"/>
  <testcase classname="testNG.InvocationCountTest" name="createUser" time="0.001"/>
  <testcase classname="testNG.InvocationCountTest" name="createUser" time="0.001"/>
</testsuite> <!-- testNG.InvocationCountTest -->
