<?xml version="1.0" encoding="UTF-8"?>
<!-- Generated by org.testng.reporters.JUnitReportReporter -->
<testsuite hostname="BENSACHINB3" failures="0" tests="3" name="testNG.TestNgAnnotations" time="0.019" errors="0" timestamp="2025-02-16T10:22:36 IST" skipped="0">
  <testcase classname="testNG.TestNgAnnotations" name="titleTest" time="0.005"/>
  <testcase classname="testNG.TestNgAnnotations" name="urlTest" time="0.005"/>
  <testcase classname="testNG.TestNgAnnotations" name="searchTest" time="0.009"/>
</testsuite> <!-- testNG.TestNgAnnotations -->
