<?xml version="1.0" encoding="UTF-8"?>
<!-- Generated by org.testng.reporters.JUnitReportReporter -->
<testsuite hostname="BENSACHINB3" failures="0" tests="2" name="mytests.GoogleTest" time="0.049" errors="0" timestamp="2025-02-17T22:51:00 IST" skipped="0">
  <testcase classname="mytests.GoogleTest" name="currentUrlTest" time="0.028"/>
  <testcase classname="mytests.GoogleTest" name="titleTest" time="0.021"/>
</testsuite> <!-- mytests.GoogleTest -->
