<?xml version="1.0" encoding="UTF-8"?>
<!-- Generated by org.testng.reporters.JUnitReportReporter -->
<testsuite hostname="BENSACHINB3" failures="0" tests="7" name="testNG.S25PriorityTest" time="0.017" errors="0" timestamp="2025-02-17T00:18:53 IST" skipped="0">
  <testcase classname="testNG.S25PriorityTest" name="cTest" time="0.008"/>
  <testcase classname="testNG.S25PriorityTest" name="bTest" time="0.001"/>
  <testcase classname="testNG.S25PriorityTest" name="Test" time="0.001"/>
  <testcase classname="testNG.S25PriorityTest" name="b1Test" time="0.002"/>
  <testcase classname="testNG.S25PriorityTest" name="aTest" time="0.002"/>
  <testcase classname="testNG.S25PriorityTest" name="dTest" time="0.002"/>
  <testcase classname="testNG.S25PriorityTest" name="eTest" time="0.001"/>
</testsuite> <!-- testNG.S25PriorityTest -->
