<?xml version="1.0" encoding="UTF-8"?>
<!-- Generated by org.testng.reporters.JUnitReportReporter -->
<testsuite hostname="BENSACHINB3" failures="0" tests="2" name="mytests.OpenCartTest" time="0.067" errors="0" timestamp="2025-02-17T22:51:00 IST" skipped="0">
  <testcase classname="mytests.OpenCartTest" name="titleTest" time="0.006"/>
  <testcase classname="mytests.OpenCartTest" name="forgottenPasswordIsDisplayed" time="0.061"/>
</testsuite> <!-- mytests.OpenCartTest -->
