<?xml version="1.0" encoding="UTF-8"?>
<!-- Generated by org.testng.reporters.JUnitReportReporter -->
<testsuite hostname="BENSACHINB3" failures="0" tests="2" name="mytests.OrangeHRMTest" time="0.091" errors="0" timestamp="2025-02-17T22:51:00 IST" skipped="0">
  <testcase classname="mytests.OrangeHRMTest" name="titleTest" time="0.048"/>
  <testcase classname="mytests.OrangeHRMTest" name="whyOrangeHRMIsDisplayed" time="0.043"/>
</testsuite> <!-- mytests.OrangeHRMTest -->
