<?xml version="1.0" encoding="UTF-8"?>
<!-- Generated by org.testng.reporters.JUnitReportReporter -->
<testsuite hostname="BENSACHINB3" failures="0" tests="5" name="testNG.ExpectedExceptionConcept" time="0.016" errors="0" timestamp="2025-02-17T15:40:37 IST" skipped="0">
  <testcase classname="testNG.ExpectedExceptionConcept" name="loginTest" time="0.003"/>
  <testcase classname="testNG.ExpectedExceptionConcept" name="dTest" time="0.002"/>
  <testcase classname="testNG.ExpectedExceptionConcept" name="bTest" time="0.002"/>
  <testcase classname="testNG.ExpectedExceptionConcept" name="cTest" time="0.002"/>
  <testcase classname="testNG.ExpectedExceptionConcept" name="aTest" time="0.007"/>
</testsuite> <!-- testNG.ExpectedExceptionConcept -->
