<?xml version="1.0" encoding="UTF-8"?>
<!-- Generated by org.testng.reporters.JUnitReportReporter -->
<testsuite hostname="BENSACHINB3" failures="0" tests="3" name="testNG.DependsOnMethod" time="0.010" errors="0" timestamp="2025-02-17T00:27:40 IST" skipped="0">
  <testcase classname="testNG.DependsOnMethod" name="loginTest" time="0.008"/>
  <testcase classname="testNG.DependsOnMethod" name="homeTest" time="0.001"/>
  <testcase classname="testNG.DependsOnMethod" name="carTest" time="0.001"/>
</testsuite> <!-- testNG.DependsOnMethod -->
