<?xml version="1.0" encoding="UTF-8"?>
<!-- Generated by org.testng.reporters.JUnitReportReporter -->
<testsuite hostname="BENSACHINB3" failures="0" tests="2" name="my_tests.GoogleTest" time="3.476" errors="0" timestamp="2025-02-17T17:54:20 IST" skipped="0">
  <testcase classname="my_tests.GoogleTest" name="titleTest" time="0.751"/>
  <testcase classname="my_tests.GoogleTest" name="currentUrlTest" time="2.725"/>
</testsuite> <!-- my_tests.GoogleTest -->
