<?xml version="1.0" encoding="UTF-8"?>
<!-- Generated by org.testng.reporters.JUnitReportReporter -->
<testsuite hostname="BENSACHINB3" failures="0" tests="2" name="my_tests.OrangeHRMTest" time="6.736" errors="0" timestamp="2025-02-17T18:14:09 IST" skipped="0">
  <testcase classname="my_tests.OrangeHRMTest" name="whyOrangeHRMIsDisplayed" time="1.829"/>
  <testcase classname="my_tests.OrangeHRMTest" name="titleTest" time="4.907"/>
</testsuite> <!-- my_tests.OrangeHRMTest -->
