<?xml version="1.0" encoding="UTF-8"?>
<!-- Generated by org.testng.reporters.JUnitReportReporter -->
<testsuite hostname="BENSACHINB3" failures="0" tests="2" name="my_tests.OpenCartTest" time="2.833" errors="0" timestamp="2025-02-17T17:53:05 IST" skipped="0">
  <testcase classname="my_tests.OpenCartTest" name="forgottenPasswordIsDisplayed" time="2.046"/>
  <testcase classname="my_tests.OpenCartTest" name="titleTest" time="0.787"/>
</testsuite> <!-- my_tests.OpenCartTest -->
