<?xml version="1.0" encoding="UTF-8"?>
<!-- Generated by org.testng.reporters.JUnitReportReporter -->
<testsuite hostname="BENSACHINB3" failures="0" tests="4" name="testNG.DataProviderTest" time="0.013" errors="0" timestamp="2025-02-17T16:21:41 IST" skipped="0">
  <testcase classname="testNG.DataProviderTest" name="additionTest" time="0.009"/>
  <testcase classname="testNG.DataProviderTest" name="additionTest" time="0.001"/>
  <testcase classname="testNG.DataProviderTest" name="additionTest" time="0.001"/>
  <testcase classname="testNG.DataProviderTest" name="additionTest" time="0.002"/>
</testsuite> <!-- testNG.DataProviderTest -->
